This is pdfTeX, Version 3.1415926-2.5-1.40.14 (MiKTeX 2.9) (preloaded format=pdflatex 2014.10.1)  23 MAR 2015 15:27
entering extended mode
**U:/git/COMP4Coursework/Manual/manual.tex
(U:/git/COMP4Coursework/Manual/manual.tex
LaTeX2e <2014/05/01>
Babel <3.9l> and hyphenation patterns for 68 languages loaded.
! Undefined control sequence.
l.2 \chapter
            {User Manual}
? 
! Emergency stop.
l.2 \chapter
            {User Manual}
End of file on the terminal!

 
Here is how much of TeX's memory you used:
 7 strings out of 493705
 172 string characters out of 3142200
 52147 words of memory out of 3000000
 3428 multiletter control sequences out of 15000+200000
 3640 words of font info for 14 fonts, out of 3000000 for 9000
 1025 hyphenation exceptions out of 8191
 5i,0n,1p,65b,8s stack positions out of 5000i,500n,10000p,200000b,50000s
!  ==> Fatal error occurred, no output PDF file produced!
